<?xml version="1.0" encoding="UTF-8"?>
<robot generator="Robot 7.3.2 (Python 3.14.0 on win32)" generated="2025-11-12T16:43:08.162933" rpa="false" schemaversion="5">
<suite id="s1" name="Tests" source="C:\Users\OMISTAJA\palautusrepositorio\viikko3\hello-robot\src\tests">
<suite id="s1-s1" name="Increase Counter" source="C:\Users\OMISTAJA\palautusrepositorio\viikko3\hello-robot\src\tests\increase_counter.robot">
<test id="s1-s1-t1" name="Increase Counter Once" line="5">
<kw name="Counter Value Should Be" owner="CounterLibrary">
<arg>0</arg>
<status status="PASS" start="2025-11-12T16:43:08.259884" elapsed="0.000177"/>
</kw>
<kw name="Increase Counter" owner="CounterLibrary">
<status status="PASS" start="2025-11-12T16:43:08.260352" elapsed="0.000110"/>
</kw>
<kw name="Counter Value Should Be" owner="CounterLibrary">
<arg>1</arg>
<status status="PASS" start="2025-11-12T16:43:08.260674" elapsed="0.000107"/>
</kw>
<status status="PASS" start="2025-11-12T16:43:08.259073" elapsed="0.001948"/>
</test>
<test id="s1-s1-t2" name="Increase Counter Many Times" line="10">
<kw name="Counter Value Should Be" owner="CounterLibrary">
<arg>0</arg>
<status status="PASS" start="2025-11-12T16:43:08.261977" elapsed="0.000112"/>
</kw>
<kw name="Increase Counter" owner="CounterLibrary">
<status status="PASS" start="2025-11-12T16:43:08.262296" elapsed="0.000094"/>
</kw>
<kw name="Increase Counter" owner="CounterLibrary">
<status status="PASS" start="2025-11-12T16:43:08.262590" elapsed="0.000092"/>
</kw>
<kw name="Increase Counter" owner="CounterLibrary">
<status status="PASS" start="2025-11-12T16:43:08.262880" elapsed="0.000092"/>
</kw>
<kw name="Counter Value Should Be" owner="CounterLibrary">
<arg>3</arg>
<status status="PASS" start="2025-11-12T16:43:08.263180" elapsed="0.000100"/>
</kw>
<status status="PASS" start="2025-11-12T16:43:08.261595" elapsed="0.001908"/>
</test>
<test id="s1-s1-t3" name="Increment Counter By Amount" line="17">
<kw name="Counter Value Should Be" owner="CounterLibrary">
<arg>0</arg>
<status status="PASS" start="2025-11-12T16:43:08.264415" elapsed="0.000112"/>
</kw>
<kw name="Increment Counter By" owner="CounterLibrary">
<arg>5</arg>
<status status="PASS" start="2025-11-12T16:43:08.264733" elapsed="0.000102"/>
</kw>
<kw name="Counter Value Should Be" owner="CounterLibrary">
<arg>5</arg>
<status status="PASS" start="2025-11-12T16:43:08.265047" elapsed="0.000101"/>
</kw>
<status status="PASS" start="2025-11-12T16:43:08.264067" elapsed="0.001295"/>
</test>
<status status="PASS" start="2025-11-12T16:43:08.252184" elapsed="0.013877"/>
</suite>
<status status="PASS" start="2025-11-12T16:43:08.164271" elapsed="0.102630"/>
</suite>
<statistics>
<total>
<stat pass="3" fail="0" skip="0">All Tests</stat>
</total>
<tag>
</tag>
<suite>
<stat name="Tests" id="s1" pass="3" fail="0" skip="0">Tests</stat>
<stat name="Increase Counter" id="s1-s1" pass="3" fail="0" skip="0">Tests.Increase Counter</stat>
</suite>
</statistics>
<errors>
</errors>
</robot>
